

Microchip Technology PIC LITE Macro Assembler V1.42 build -159332390 
                                                                                               Wed Nov 01 10:51:42 2017

Microchip Technology Omniscient Code Generator v1.42 (Free mode) build 201704130522
     1                           	processor	16F887
     2                           	opt	pw 120
     3                           	opt	lm
     4                           	psect	cinit,global,class=CODE,merge=1,delta=2
     5                           	psect	bssCOMMON,global,class=COMMON,space=1,delta=1
     6                           	psect	cstackCOMMON,global,class=COMMON,space=1,delta=1
     7                           	psect	maintext,global,class=CODE,split=1,delta=2
     8                           	dabs	1,0x7E,2
     9  0000                     
    10                           ; Version 1.42
    11                           ; Generated 13/04/2017 GMT
    12                           ; 
    13                           ; Copyright © 2017, Microchip Technology Inc. and its subsidiaries ("Microchip")
    14                           ; All rights reserved.
    15                           ; 
    16                           ; This software is developed by Microchip Technology Inc. and its subsidiaries ("Microch
      +                          ip").
    17                           ; 
    18                           ; Redistribution and use in source and binary forms, with or without modification, are
    19                           ; permitted provided that the following conditions are met:
    20                           ; 
    21                           ;     1. Redistributions of source code must retain the above copyright notice, this lis
      +                          t of
    22                           ;        conditions and the following disclaimer.
    23                           ; 
    24                           ;     2. Redistributions in binary form must reproduce the above copyright notice, this 
      +                          list
    25                           ;        of conditions and the following disclaimer in the documentation and/or other
    26                           ;        materials provided with the distribution.
    27                           ; 
    28                           ;     3. Microchip's name may not be used to endorse or promote products derived from th
      +                          is
    29                           ;        software without specific prior written permission.
    30                           ; 
    31                           ; THIS SOFTWARE IS PROVIDED BY MICROCHIP "AS IS" AND ANY EXPRESS OR IMPLIED WARRANTIES,
    32                           ; INCLUDING, BUT NOT LIMITED TO, THE IMPLIED WARRANTIES OF MERCHANTABILITY AND FITNESS F
      +                          OR
    33                           ; PURPOSE ARE DISCLAIMED.  IN NO EVENT SHALL MICROCHIP BE LIABLE FOR ANY DIRECT, INDIREC
      +                          T,
    34                           ; INCIDENTAL, SPECIAL, EXEMPLARY, OR CONSEQUENTIAL DAMAGES (INCLUDING BUT NOT LIMITED TO
    35                           ; PROCUREMENT OF SUBSTITUTE GOODS OR SERVICES; LOSS OF USE, DATA OR PROFITS; OR BUSINESS
    36                           ; INTERRUPTION) HOWSOEVER CAUSED AND ON ANY THEORY OF LIABILITY, WHETHER IN CONTRACT, ST
      +                          RICT
    37                           ; LIABILITY, OR TORT (INCLUDING NEGLIGENCE OR OTHERWISE) ARISING IN ANY WAY OUT OF THE U
      +                          SE OF
    38                           ; THIS SOFTWARE, EVEN IF ADVISED OF THE POSSIBILITY OF SUCH DAMAGE.
    39                           ; 
    40                           ; 
    41                           ; Code-generator required, PIC16F887 Definitions
    42                           ; 
    43                           ; SFR Addresses
    44  0000                     	;# 
    45  0001                     	;# 
    46  0002                     	;# 
    47  0003                     	;# 
    48  0004                     	;# 
    49  0005                     	;# 
    50  0006                     	;# 
    51  0007                     	;# 
    52  0008                     	;# 
    53  0009                     	;# 
    54  000A                     	;# 
    55  000B                     	;# 
    56  000C                     	;# 
    57  000D                     	;# 
    58  000E                     	;# 
    59  000E                     	;# 
    60  000F                     	;# 
    61  0010                     	;# 
    62  0011                     	;# 
    63  0012                     	;# 
    64  0013                     	;# 
    65  0014                     	;# 
    66  0015                     	;# 
    67  0015                     	;# 
    68  0016                     	;# 
    69  0017                     	;# 
    70  0018                     	;# 
    71  0019                     	;# 
    72  001A                     	;# 
    73  001B                     	;# 
    74  001B                     	;# 
    75  001C                     	;# 
    76  001D                     	;# 
    77  001E                     	;# 
    78  001F                     	;# 
    79  0081                     	;# 
    80  0085                     	;# 
    81  0086                     	;# 
    82  0087                     	;# 
    83  0088                     	;# 
    84  0089                     	;# 
    85  008C                     	;# 
    86  008D                     	;# 
    87  008E                     	;# 
    88  008F                     	;# 
    89  0090                     	;# 
    90  0091                     	;# 
    91  0092                     	;# 
    92  0093                     	;# 
    93  0093                     	;# 
    94  0093                     	;# 
    95  0094                     	;# 
    96  0095                     	;# 
    97  0096                     	;# 
    98  0097                     	;# 
    99  0098                     	;# 
   100  0099                     	;# 
   101  009A                     	;# 
   102  009B                     	;# 
   103  009C                     	;# 
   104  009D                     	;# 
   105  009E                     	;# 
   106  009F                     	;# 
   107  0105                     	;# 
   108  0107                     	;# 
   109  0108                     	;# 
   110  0109                     	;# 
   111  010C                     	;# 
   112  010C                     	;# 
   113  010D                     	;# 
   114  010E                     	;# 
   115  010F                     	;# 
   116  0185                     	;# 
   117  0187                     	;# 
   118  0188                     	;# 
   119  0189                     	;# 
   120  018C                     	;# 
   121  018D                     	;# 
   122  0015                     _CCPR1L	set	21
   123  00BC                     _CCP1Y	set	188
   124  00BD                     _CCP1X	set	189
   125  0090                     _T2CKPS0	set	144
   126  0091                     _T2CKPS1	set	145
   127  0092                     _TMR2ON	set	146
   128  00B8                     _CCP1M0	set	184
   129  00B9                     _CCP1M1	set	185
   130  00BA                     _CCP1M2	set	186
   131  00BB                     _CCP1M3	set	187
   132  003A                     _RC2	set	58
   133  0044                     _RD4	set	68
   134  0045                     _RD5	set	69
   135  0046                     _RD6	set	70
   136  0092                     _PR2	set	146
   137  043A                     _TRISC2	set	1082
   138  0446                     _TRISD6	set	1094
   139  0445                     _TRISD5	set	1093
   140  0444                     _TRISD4	set	1092
   141                           
   142                           ; #config settings
   143  0000                     
   144                           	psect	cinit
   145  07FB                     start_initialization:	
   146  07FB                     __initialization:	
   147                           
   148                           ; Clear objects allocated to COMMON
   149  07FB  01F3               	clrf	__pbssCOMMON& (0+127)
   150  07FC                     end_of_initialization:	
   151                           ;End of C runtime variable initialization code
   152                           
   153  07FC                     __end_of__initialization:	
   154  07FC  0183               	clrf	3
   155  07FD  120A  118A  2FDC   	ljmp	_main	;jump to C main() function
   156                           
   157                           	psect	bssCOMMON
   158  0073                     __pbssCOMMON:	
   159  0073                     _i:	
   160  0073                     	ds	1
   161                           
   162                           	psect	cstackCOMMON
   163  0070                     __pcstackCOMMON:	
   164  0070                     ?_main:	
   165  0070                     ??_main:	
   166                           ; 1 bytes @ 0x0
   167                           
   168                           
   169                           ; 1 bytes @ 0x0
   170  0070                     	ds	3
   171                           
   172                           	psect	maintext
   173  07DC                     __pmaintext:	
   174 ;;
   175 ;;Main: autosize = 0, tempsize = 3, incstack = 0, save=0
   176 ;;
   177 ;; *************** function _main *****************
   178 ;; Defined at:
   179 ;;		line 33 in file "NEW.c"
   180 ;; Parameters:    Size  Location     Type
   181 ;;		None
   182 ;; Auto vars:     Size  Location     Type
   183 ;;		None
   184 ;; Return value:  Size  Location     Type
   185 ;;                  1    wreg      void 
   186 ;; Registers used:
   187 ;;		wreg
   188 ;; Tracked objects:
   189 ;;		On entry : B00/0
   190 ;;		On exit  : 0/0
   191 ;;		Unchanged: 0/0
   192 ;; Data sizes:     COMMON   BANK0   BANK1   BANK3   BANK2
   193 ;;      Params:         0       0       0       0       0
   194 ;;      Locals:         0       0       0       0       0
   195 ;;      Temps:          3       0       0       0       0
   196 ;;      Totals:         3       0       0       0       0
   197 ;;Total ram usage:        3 bytes
   198 ;; This function calls:
   199 ;;		Nothing
   200 ;; This function is called by:
   201 ;;		Startup code after reset
   202 ;; This function uses a non-reentrant model
   203 ;;
   204                           
   205                           
   206                           ;psect for function _main
   207  07DC                     _main:	
   208                           
   209                           ;NEW.c: 51: TRISD4 = 0;
   210                           
   211                           ;incstack = 0
   212                           ; Regs used in _main: [wreg]
   213  07DC  1683               	bsf	3,5	;RP0=1, select bank1
   214  07DD  1303               	bcf	3,6	;RP1=0, select bank1
   215  07DE  1208               	bcf	8,4	;volatile
   216                           
   217                           ;NEW.c: 52: TRISD5 = 0;
   218  07DF  1288               	bcf	8,5	;volatile
   219                           
   220                           ;NEW.c: 53: TRISD6 = 0;
   221  07E0  1308               	bcf	8,6	;volatile
   222                           
   223                           ;NEW.c: 54: RD6 = 0;
   224  07E1  1283               	bcf	3,5	;RP0=0, select bank0
   225  07E2  1303               	bcf	3,6	;RP1=0, select bank0
   226  07E3  1308               	bcf	8,6	;volatile
   227                           
   228                           ;NEW.c: 55: RD5 = 1;
   229  07E4  1688               	bsf	8,5	;volatile
   230  07E5                     l49:	
   231                           ;NEW.c: 56: while(1){
   232                           
   233                           
   234                           ;NEW.c: 57: RD4 = 1;
   235  07E5  1283               	bcf	3,5	;RP0=0, select bank0
   236  07E6  1303               	bcf	3,6	;RP1=0, select bank0
   237  07E7  1608               	bsf	8,4	;volatile
   238                           
   239                           ;NEW.c: 58: _delay((unsigned long)((4)*(4000000/4000000.0)));
   240  07E8  2FE9               	nop2	;2 cycle nop
   241  07E9  2FEA               	nop2	;2 cycle nop
   242                           
   243                           ;NEW.c: 59: RD4 = 0;
   244  07EA  1283               	bcf	3,5	;RP0=0, select bank0
   245  07EB  1303               	bcf	3,6	;RP1=0, select bank0
   246  07EC  1208               	bcf	8,4	;volatile
   247                           
   248                           ;NEW.c: 60: _delay((unsigned long)((200)*(4000000/4000.0)));
   249  07ED  3002               	movlw	2
   250  07EE  00F2               	movwf	??_main+2
   251  07EF  3004               	movlw	4
   252  07F0  00F1               	movwf	??_main+1
   253  07F1  30BA               	movlw	186
   254  07F2  00F0               	movwf	??_main
   255  07F3                     u67:	
   256  07F3  0BF0               	decfsz	??_main,f
   257  07F4  2FF3               	goto	u67
   258  07F5  0BF1               	decfsz	??_main+1,f
   259  07F6  2FF3               	goto	u67
   260  07F7  0BF2               	decfsz	??_main+2,f
   261  07F8  2FF3               	goto	u67
   262  07F9  0000               	nop
   263  07FA  2FE5               	goto	l49
   264  07FB                     __end_of_main:	
   265                           ;NEW.c: 67: }
   266                           ;NEW.c: 68: return;
   267                           
   268  007E                     btemp	set	126	;btemp
   269  007E                     wtemp0	set	126


Data Sizes:
    Strings     0
    Constant    0
    Data        0
    BSS         1
    Persistent  0
    Stack       0

Auto Spaces:
    Space          Size  Autos    Used
    COMMON           14      3       4
    BANK0            80      0       0
    BANK1            80      0       0
    BANK3            96      0       0
    BANK2            96      0       0

Pointer List with Targets:

    None.

Critical Paths under _main in COMMON

    None.

Critical Paths under _main in BANK0

    None.

Critical Paths under _main in BANK1

    None.

Critical Paths under _main in BANK3

    None.

Critical Paths under _main in BANK2

    None.

Call Graph Tables:

 ---------------------------------------------------------------------------------
 (Depth) Function   	        Calls       Base Space   Used Autos Params    Refs
 ---------------------------------------------------------------------------------
 (0) _main                                                 3     3      0       0
                                              0 COMMON     3     3      0
 ---------------------------------------------------------------------------------
 Estimated maximum stack depth 0
 ---------------------------------------------------------------------------------

 Call Graph Graphs:

 _main (ROOT)

 Address spaces:
Name               Size   Autos  Total    Cost      Usage
BITCOMMON            E      0       0       0        0.0%
EEDATA             100      0       0       0        0.0%
NULL                 0      0       0       0        0.0%
CODE                 0      0       0       0        0.0%
COMMON               E      3       4       1       28.6%
BITSFR0              0      0       0       1        0.0%
SFR0                 0      0       0       1        0.0%
BITSFR1              0      0       0       2        0.0%
SFR1                 0      0       0       2        0.0%
STACK                0      0       0       2        0.0%
ABS                  0      0       4       3        0.0%
BITBANK0            50      0       0       4        0.0%
BITSFR3              0      0       0       4        0.0%
SFR3                 0      0       0       4        0.0%
BANK0               50      0       0       5        0.0%
BITSFR2              0      0       0       5        0.0%
SFR2                 0      0       0       5        0.0%
BITBANK1            50      0       0       6        0.0%
BANK1               50      0       0       7        0.0%
BITBANK3            60      0       0       8        0.0%
BANK3               60      0       0       9        0.0%
BITBANK2            60      0       0      10        0.0%
BANK2               60      0       0      11        0.0%
DATA                 0      0       4      12        0.0%


Microchip Technology PIC Macro Assembler V1.42 build -159332390 
Symbol Table                                                                                   Wed Nov 01 10:51:42 2017

                      _i 0073              __CFG_CP$OFF 0000                       l49 07E5  
                     u67 07F3                      _RC2 003A                      _RD4 0044  
                    _RD5 0045                      _RD6 0046                      _PR2 0092  
           __CFG_CPD$OFF 0000             __CFG_FOSC$HS 0000             __CFG_LVP$OFF 0000  
           __CFG_WRT$OFF 0000                     _main 07DC                     btemp 007E  
          __CFG_BOREN$ON 0000                     start 0000                    ?_main 0070  
                  _CCP1X 00BD                    _CCP1Y 00BC            __CFG_WDTE$OFF 0000  
                  status 0003                    wtemp0 007E          __initialization 07FB  
           __end_of_main 07FB                   ??_main 0070                   _CCP1M0 00B8  
                 _CCP1M1 00B9                   _CCP1M2 00BA                   _CCP1M3 00BB  
                 _CCPR1L 0015                   _TMR2ON 0092                   _TRISC2 043A  
                 _TRISD4 0444                   _TRISD5 0445                   _TRISD6 0446  
         __CFG_PWRTE$OFF 0000  __end_of__initialization 07FC           __pcstackCOMMON 0070  
             __pmaintext 07DC                  _T2CKPS0 0090                  _T2CKPS1 0091  
   end_of_initialization 07FC      start_initialization 07FB              __pbssCOMMON 0073  
              ___latbits 0002            __size_of_main 001F  
