

Microchip Technology PIC LITE Macro Assembler V1.44 build -154322312 
                                                                                               Wed Nov 08 10:53:28 2017

Microchip Technology Omniscient Code Generator v1.44 (Free mode) build 201709140600
     1                           	processor	16F887
     2                           	opt	pw 120
     3                           	opt	lm
     4                           	psect	cinit,global,class=CODE,merge=1,delta=2
     5                           	psect	bssCOMMON,global,class=COMMON,space=1,delta=1
     6                           	psect	cstackCOMMON,global,class=COMMON,space=1,delta=1
     7                           	psect	maintext,global,class=CODE,split=1,delta=2
     8                           	dabs	1,0x7E,2
     9  0000                     
    10                           ; Version 1.44
    11                           ; Generated 14/09/2017 GMT
    12                           ; 
    13                           ; Copyright © 2017, Microchip Technology Inc. and its subsidiaries ("Microchip")
    14                           ; All rights reserved.
    15                           ; 
    16                           ; This software is developed by Microchip Technology Inc. and its subsidiaries ("Microch
      +                          ip").
    17                           ; 
    18                           ; Redistribution and use in source and binary forms, with or without modification, are
    19                           ; permitted provided that the following conditions are met:
    20                           ; 
    21                           ;     1. Redistributions of source code must retain the above copyright notice, this lis
      +                          t of
    22                           ;        conditions and the following disclaimer.
    23                           ; 
    24                           ;     2. Redistributions in binary form must reproduce the above copyright notice, this 
      +                          list
    25                           ;        of conditions and the following disclaimer in the documentation and/or other
    26                           ;        materials provided with the distribution.
    27                           ; 
    28                           ;     3. Microchip's name may not be used to endorse or promote products derived from th
      +                          is
    29                           ;        software without specific prior written permission.
    30                           ; 
    31                           ; THIS SOFTWARE IS PROVIDED BY MICROCHIP "AS IS" AND ANY EXPRESS OR IMPLIED WARRANTIES,
    32                           ; INCLUDING, BUT NOT LIMITED TO, THE IMPLIED WARRANTIES OF MERCHANTABILITY AND FITNESS F
      +                          OR
    33                           ; PURPOSE ARE DISCLAIMED.  IN NO EVENT SHALL MICROCHIP BE LIABLE FOR ANY DIRECT, INDIREC
      +                          T,
    34                           ; INCIDENTAL, SPECIAL, EXEMPLARY, OR CONSEQUENTIAL DAMAGES (INCLUDING BUT NOT LIMITED TO
    35                           ; PROCUREMENT OF SUBSTITUTE GOODS OR SERVICES; LOSS OF USE, DATA OR PROFITS; OR BUSINESS
    36                           ; INTERRUPTION) HOWSOEVER CAUSED AND ON ANY THEORY OF LIABILITY, WHETHER IN CONTRACT, ST
      +                          RICT
    37                           ; LIABILITY, OR TORT (INCLUDING NEGLIGENCE OR OTHERWISE) ARISING IN ANY WAY OUT OF THE U
      +                          SE OF
    38                           ; THIS SOFTWARE, EVEN IF ADVISED OF THE POSSIBILITY OF SUCH DAMAGE.
    39                           ; 
    40                           ; 
    41                           ; Code-generator required, PIC16F887 Definitions
    42                           ; 
    43                           ; SFR Addresses
    44  0000                     	;# 
    45  0001                     	;# 
    46  0002                     	;# 
    47  0003                     	;# 
    48  0004                     	;# 
    49  0005                     	;# 
    50  0006                     	;# 
    51  0007                     	;# 
    52  0008                     	;# 
    53  0009                     	;# 
    54  000A                     	;# 
    55  000B                     	;# 
    56  000C                     	;# 
    57  000D                     	;# 
    58  000E                     	;# 
    59  000E                     	;# 
    60  000F                     	;# 
    61  0010                     	;# 
    62  0011                     	;# 
    63  0012                     	;# 
    64  0013                     	;# 
    65  0014                     	;# 
    66  0015                     	;# 
    67  0015                     	;# 
    68  0016                     	;# 
    69  0017                     	;# 
    70  0018                     	;# 
    71  0019                     	;# 
    72  001A                     	;# 
    73  001B                     	;# 
    74  001B                     	;# 
    75  001C                     	;# 
    76  001D                     	;# 
    77  001E                     	;# 
    78  001F                     	;# 
    79  0081                     	;# 
    80  0085                     	;# 
    81  0086                     	;# 
    82  0087                     	;# 
    83  0088                     	;# 
    84  0089                     	;# 
    85  008C                     	;# 
    86  008D                     	;# 
    87  008E                     	;# 
    88  008F                     	;# 
    89  0090                     	;# 
    90  0091                     	;# 
    91  0092                     	;# 
    92  0093                     	;# 
    93  0093                     	;# 
    94  0093                     	;# 
    95  0094                     	;# 
    96  0095                     	;# 
    97  0096                     	;# 
    98  0097                     	;# 
    99  0098                     	;# 
   100  0099                     	;# 
   101  009A                     	;# 
   102  009B                     	;# 
   103  009C                     	;# 
   104  009D                     	;# 
   105  009E                     	;# 
   106  009F                     	;# 
   107  0105                     	;# 
   108  0107                     	;# 
   109  0108                     	;# 
   110  0109                     	;# 
   111  010C                     	;# 
   112  010C                     	;# 
   113  010D                     	;# 
   114  010E                     	;# 
   115  010F                     	;# 
   116  0185                     	;# 
   117  0187                     	;# 
   118  0188                     	;# 
   119  0189                     	;# 
   120  018C                     	;# 
   121  018D                     	;# 
   122  0015                     _CCPR1L	set	21
   123  00BC                     _CCP1Y	set	188
   124  00BD                     _CCP1X	set	189
   125  0092                     _TMR2ON	set	146
   126  0090                     _T2CKPS0	set	144
   127  0091                     _T2CKPS1	set	145
   128  0093                     _TOUTPS0	set	147
   129  0094                     _TOUTPS1	set	148
   130  0095                     _TOUTPS2	set	149
   131  0096                     _TOUTPS3	set	150
   132  00B8                     _CCP1M0	set	184
   133  00B9                     _CCP1M1	set	185
   134  00BA                     _CCP1M2	set	186
   135  00BB                     _CCP1M3	set	187
   136  003A                     _RC2	set	58
   137  0045                     _RD5	set	69
   138  0046                     _RD6	set	70
   139  0047                     _RD7	set	71
   140  0092                     _PR2	set	146
   141  043A                     _TRISC2	set	1082
   142  0447                     _TRISD7	set	1095
   143  0446                     _TRISD6	set	1094
   144  0445                     _TRISD5	set	1093
   145                           
   146                           ; #config settings
   147  0000                     
   148                           	psect	cinit
   149  07FB                     start_initialization:	
   150  07FB                     __initialization:	
   151                           
   152                           ; Clear objects allocated to COMMON
   153  07FB  01F2               	clrf	__pbssCOMMON& (0+127)
   154  07FC                     end_of_initialization:	
   155                           ;End of C runtime variable initialization code
   156                           
   157  07FC                     __end_of__initialization:	
   158  07FC  0183               	clrf	3
   159  07FD  120A  118A  2FE1   	ljmp	_main	;jump to C main() function
   160                           
   161                           	psect	bssCOMMON
   162  0072                     __pbssCOMMON:	
   163  0072                     _i:	
   164  0072                     	ds	1
   165                           
   166                           	psect	cstackCOMMON
   167  0070                     __pcstackCOMMON:	
   168  0070                     ?_main:	
   169  0070                     ??_main:	
   170                           ; 1 bytes @ 0x0
   171                           
   172                           
   173                           ; 1 bytes @ 0x0
   174  0070                     	ds	2
   175                           
   176                           	psect	maintext
   177  07E1                     __pmaintext:	
   178 ;;
   179 ;;Main: autosize = 0, tempsize = 2, incstack = 0, save=0
   180 ;;
   181 ;; *************** function _main *****************
   182 ;; Defined at:
   183 ;;		line 33 in file "NEW1.c"
   184 ;; Parameters:    Size  Location     Type
   185 ;;		None
   186 ;; Auto vars:     Size  Location     Type
   187 ;;		None
   188 ;; Return value:  Size  Location     Type
   189 ;;                  1    wreg      void 
   190 ;; Registers used:
   191 ;;		wreg
   192 ;; Tracked objects:
   193 ;;		On entry : B00/0
   194 ;;		On exit  : 0/0
   195 ;;		Unchanged: 0/0
   196 ;; Data sizes:     COMMON   BANK0   BANK1   BANK3   BANK2
   197 ;;      Params:         0       0       0       0       0
   198 ;;      Locals:         0       0       0       0       0
   199 ;;      Temps:          2       0       0       0       0
   200 ;;      Totals:         2       0       0       0       0
   201 ;;Total ram usage:        2 bytes
   202 ;; This function calls:
   203 ;;		Nothing
   204 ;; This function is called by:
   205 ;;		Startup code after reset
   206 ;; This function uses a non-reentrant model
   207 ;;
   208                           
   209                           
   210                           ;psect for function _main
   211  07E1                     _main:	
   212                           
   213                           ;NEW1.c: 51: TRISD5 = 0;
   214                           
   215                           ;incstack = 0
   216                           ; Regs used in _main: [wreg]
   217  07E1  1683               	bsf	3,5	;RP0=1, select bank1
   218  07E2  1303               	bcf	3,6	;RP1=0, select bank1
   219  07E3  1288               	bcf	8,5	;volatile
   220                           
   221                           ;NEW1.c: 52: TRISD6 = 0;
   222  07E4  1308               	bcf	8,6	;volatile
   223                           
   224                           ;NEW1.c: 53: TRISD7 = 0;
   225  07E5  1388               	bcf	8,7	;volatile
   226                           
   227                           ;NEW1.c: 54: RD7 = 0;
   228  07E6  1283               	bcf	3,5	;RP0=0, select bank0
   229  07E7  1303               	bcf	3,6	;RP1=0, select bank0
   230  07E8  1388               	bcf	8,7	;volatile
   231                           
   232                           ;NEW1.c: 55: RD6 = 0;
   233  07E9  1308               	bcf	8,6	;volatile
   234  07EA                     l57:	
   235                           ;NEW1.c: 56: while(1){
   236                           
   237                           
   238                           ;NEW1.c: 57: RD5 = 1;
   239  07EA  1283               	bcf	3,5	;RP0=0, select bank0
   240  07EB  1303               	bcf	3,6	;RP1=0, select bank0
   241  07EC  1688               	bsf	8,5	;volatile
   242                           
   243                           ;NEW1.c: 58: _delay((unsigned long)((2)*(4000000/4000000.0)));
   244  07ED  2FEE               	nop2	;2 cycle nop
   245                           
   246                           ;NEW1.c: 59: RD5 = 0;
   247  07EE  1283               	bcf	3,5	;RP0=0, select bank0
   248  07EF  1303               	bcf	3,6	;RP1=0, select bank0
   249  07F0  1288               	bcf	8,5	;volatile
   250                           
   251                           ;NEW1.c: 60: _delay((unsigned long)((40)*(4000000/4000.0)));
   252  07F1  3034               	movlw	52
   253  07F2  00F1               	movwf	??_main+1
   254  07F3  30F1               	movlw	241
   255  07F4  00F0               	movwf	??_main
   256  07F5                     u67:	
   257  07F5  0BF0               	decfsz	??_main,f
   258  07F6  2FF5               	goto	u67
   259  07F7  0BF1               	decfsz	??_main+1,f
   260  07F8  2FF5               	goto	u67
   261  07F9  2FFA               	nop2
   262  07FA  2FEA               	goto	l57
   263  07FB                     __end_of_main:	
   264                           ;NEW1.c: 86: }
   265                           ;NEW1.c: 87: return;
   266                           
   267  007E                     btemp	set	126	;btemp
   268  007E                     wtemp0	set	126


Data Sizes:
    Strings     0
    Constant    0
    Data        0
    BSS         1
    Persistent  0
    Stack       0

Auto Spaces:
    Space          Size  Autos    Used
    COMMON           14      2       3
    BANK0            80      0       0
    BANK1            80      0       0
    BANK3            96      0       0
    BANK2            96      0       0

Pointer List with Targets:

    None.

Critical Paths under _main in COMMON

    None.

Critical Paths under _main in BANK0

    None.

Critical Paths under _main in BANK1

    None.

Critical Paths under _main in BANK3

    None.

Critical Paths under _main in BANK2

    None.

Call Graph Tables:

 ---------------------------------------------------------------------------------
 (Depth) Function   	        Calls       Base Space   Used Autos Params    Refs
 ---------------------------------------------------------------------------------
 (0) _main                                                 2     2      0       0
                                              0 COMMON     2     2      0
 ---------------------------------------------------------------------------------
 Estimated maximum stack depth 0
 ---------------------------------------------------------------------------------

 Call Graph Graphs:

 _main (ROOT)

 Address spaces:
Name               Size   Autos  Total    Cost      Usage
BITCOMMON            E      0       0       0        0.0%
EEDATA             100      0       0       0        0.0%
NULL                 0      0       0       0        0.0%
CODE                 0      0       0       0        0.0%
COMMON               E      2       3       1       21.4%
BITSFR0              0      0       0       1        0.0%
SFR0                 0      0       0       1        0.0%
BITSFR1              0      0       0       2        0.0%
SFR1                 0      0       0       2        0.0%
STACK                0      0       0       2        0.0%
ABS                  0      0       3       3        0.0%
BITBANK0            50      0       0       4        0.0%
BITSFR3              0      0       0       4        0.0%
SFR3                 0      0       0       4        0.0%
BANK0               50      0       0       5        0.0%
BITSFR2              0      0       0       5        0.0%
SFR2                 0      0       0       5        0.0%
BITBANK1            50      0       0       6        0.0%
BANK1               50      0       0       7        0.0%
BITBANK3            60      0       0       8        0.0%
BANK3               60      0       0       9        0.0%
BITBANK2            60      0       0      10        0.0%
BANK2               60      0       0      11        0.0%
DATA                 0      0       3      12        0.0%


Microchip Technology PIC Macro Assembler V1.44 build -154322312 
Symbol Table                                                                                   Wed Nov 08 10:53:28 2017

                      _i 0072              __CFG_CP$OFF 0000                       l57 07EA  
                     u67 07F5                      _RC2 003A                      _RD5 0045  
                    _RD6 0046                      _RD7 0047                      _PR2 0092  
           __CFG_CPD$OFF 0000             __CFG_FOSC$HS 0000             __CFG_LVP$OFF 0000  
           __CFG_WRT$OFF 0000                     _main 07E1                     btemp 007E  
          __CFG_BOREN$ON 0000                     start 0000                    ?_main 0070  
                  _CCP1X 00BD                    _CCP1Y 00BC            __CFG_WDTE$OFF 0000  
                  status 0003                    wtemp0 007E          __initialization 07FB  
           __end_of_main 07FB                   ??_main 0070                   _CCP1M0 00B8  
                 _CCP1M1 00B9                   _CCP1M2 00BA                   _CCP1M3 00BB  
                 _CCPR1L 0015                   _TMR2ON 0092                   _TRISC2 043A  
                 _TRISD5 0445                   _TRISD6 0446                   _TRISD7 0447  
         __CFG_PWRTE$OFF 0000  __end_of__initialization 07FC           __pcstackCOMMON 0070  
             __pmaintext 07E1                  _T2CKPS0 0090                  _T2CKPS1 0091  
                _TOUTPS0 0093                  _TOUTPS1 0094                  _TOUTPS2 0095  
                _TOUTPS3 0096     end_of_initialization 07FC      start_initialization 07FB  
            __pbssCOMMON 0072                ___latbits 0002            __size_of_main 001A  
